2019-04-12 23:21:23,362 - INFO - Процесс 4:
	Начало обработки URL
	https://www.domofond.ru/arenda-studiy-krasnoyarsk-c3174?&Page=4
2019-04-12 23:21:24,366 - INFO - Процесс 5:
	Начало обработки URL
	https://www.domofond.ru/arenda-studiy-krasnoyarsk-c3174?&Page=5
2019-04-12 23:21:24,371 - INFO - Процесс 8:
	Начало обработки URL
	https://www.domofond.ru/arenda-studiy-krasnoyarsk-c3174?&Page=8
2019-04-12 23:21:24,583 - INFO - Процесс 4:
	Успешно обработан URL
	https://www.domofond.ru/arenda-studiy-krasnoyarsk-c3174?&Page=4
2019-04-12 23:21:24,584 - INFO - Процесс 4:
	Успешно сохранены данные во временном файле из URL
	https://www.domofond.ru/arenda-studiy-krasnoyarsk-c3174?&Page=4 
2019-04-12 23:21:25,359 - INFO - Процесс 2:
	Начало обработки URL
	https://www.domofond.ru/arenda-studiy-krasnoyarsk-c3174?&Page=2
2019-04-12 23:21:25,371 - INFO - Процесс 7:
	Начало обработки URL
	https://www.domofond.ru/arenda-studiy-krasnoyarsk-c3174?&Page=7
2019-04-12 23:21:26,029 - INFO - Процесс 5:
	Успешно обработан URL
	https://www.domofond.ru/arenda-studiy-krasnoyarsk-c3174?&Page=5
2019-04-12 23:21:26,030 - INFO - Процесс 5:
	Успешно сохранены данные во временном файле из URL
	https://www.domofond.ru/arenda-studiy-krasnoyarsk-c3174?&Page=5 
2019-04-12 23:21:26,647 - INFO - Процесс 8:
	Успешно обработан URL
	https://www.domofond.ru/arenda-studiy-krasnoyarsk-c3174?&Page=8
2019-04-12 23:21:26,648 - INFO - Процесс 8:
	Успешно сохранены данные во временном файле из URL
	https://www.domofond.ru/arenda-studiy-krasnoyarsk-c3174?&Page=8 
2019-04-12 23:21:27,359 - INFO - Процесс 1:
	Начало обработки URL
	https://www.domofond.ru/arenda-studiy-krasnoyarsk-c3174?&Page=1
2019-04-12 23:21:27,363 - INFO - Процесс 3:
	Начало обработки URL
	https://www.domofond.ru/arenda-studiy-krasnoyarsk-c3174?&Page=3
2019-04-12 23:21:27,367 - INFO - Процесс 6:
	Начало обработки URL
	https://www.domofond.ru/arenda-studiy-krasnoyarsk-c3174?&Page=6
2019-04-12 23:21:27,375 - INFO - Процесс 9:
	Начало обработки URL
	https://www.domofond.ru/arenda-studiy-krasnoyarsk-c3174?&Page=9
2019-04-12 23:21:28,910 - INFO - Процесс 2:
	Успешно обработан URL
	https://www.domofond.ru/arenda-studiy-krasnoyarsk-c3174?&Page=2
2019-04-12 23:21:28,911 - INFO - Процесс 2:
	Успешно сохранены данные во временном файле из URL
	https://www.domofond.ru/arenda-studiy-krasnoyarsk-c3174?&Page=2 
2019-04-12 23:21:29,047 - INFO - Процесс 7:
	Успешно обработан URL
	https://www.domofond.ru/arenda-studiy-krasnoyarsk-c3174?&Page=7
2019-04-12 23:21:29,048 - INFO - Процесс 7:
	Успешно сохранены данные во временном файле из URL
	https://www.domofond.ru/arenda-studiy-krasnoyarsk-c3174?&Page=7 
2019-04-12 23:21:30,222 - INFO - Процесс 3:
	Успешно обработан URL
	https://www.domofond.ru/arenda-studiy-krasnoyarsk-c3174?&Page=3
2019-04-12 23:21:30,223 - INFO - Процесс 3:
	Успешно сохранены данные во временном файле из URL
	https://www.domofond.ru/arenda-studiy-krasnoyarsk-c3174?&Page=3 
2019-04-12 23:21:31,585 - INFO - Процесс 1:
	Успешно обработан URL
	https://www.domofond.ru/arenda-studiy-krasnoyarsk-c3174?&Page=1
2019-04-12 23:21:31,586 - INFO - Процесс 1:
	Успешно сохранены данные во временном файле из URL
	https://www.domofond.ru/arenda-studiy-krasnoyarsk-c3174?&Page=1 
2019-04-12 23:21:31,700 - INFO - Процесс 9:
	Успешно обработан URL
	https://www.domofond.ru/arenda-studiy-krasnoyarsk-c3174?&Page=9
2019-04-12 23:21:31,701 - INFO - Процесс 9:
	Успешно сохранены данные во временном файле из URL
	https://www.domofond.ru/arenda-studiy-krasnoyarsk-c3174?&Page=9 
2019-04-12 23:21:31,755 - INFO - Процесс 6:
	Успешно обработан URL
	https://www.domofond.ru/arenda-studiy-krasnoyarsk-c3174?&Page=6
2019-04-12 23:21:31,756 - INFO - Процесс 6:
	Успешно сохранены данные во временном файле из URL
	https://www.domofond.ru/arenda-studiy-krasnoyarsk-c3174?&Page=6 
2019-04-12 23:21:33,400 - INFO - Процесс 2:
	Начало обработки URL
	https://www.domofond.ru/kvartira-v-arendu-krasnoyarsk-1223676096
2019-04-12 23:21:33,400 - INFO - Процесс 2:
	Начало обработки URL
	https://www.domofond.ru/kvartira-v-arendu-krasnoyarsk-1223676096
2019-04-12 23:21:33,407 - INFO - Процесс 3:
	Начало обработки URL
	https://www.domofond.ru/kvartira-v-arendu-krasnoyarsk-1223862252
2019-04-12 23:21:33,407 - INFO - Процесс 3:
	Начало обработки URL
	https://www.domofond.ru/kvartira-v-arendu-krasnoyarsk-1223862252
2019-04-12 23:21:34,407 - INFO - Процесс 4:
	Начало обработки URL
	https://www.domofond.ru/kvartira-v-arendu-krasnoyarsk-1227010914
2019-04-12 23:21:34,407 - INFO - Процесс 4:
	Начало обработки URL
	https://www.domofond.ru/kvartira-v-arendu-krasnoyarsk-1227010914
2019-04-12 23:21:34,472 - INFO - Процесс 2:
	Успешно обработан URL
	https://www.domofond.ru/kvartira-v-arendu-krasnoyarsk-1223676096
2019-04-12 23:21:34,472 - INFO - Процесс 2:
	Успешно обработан URL
	https://www.domofond.ru/kvartira-v-arendu-krasnoyarsk-1223676096
2019-04-12 23:21:34,473 - INFO - Процесс 2:
	Успешно сохранены данные во временном файле из URL
	https://www.domofond.ru/kvartira-v-arendu-krasnoyarsk-1223676096 
2019-04-12 23:21:34,473 - INFO - Процесс 2:
	Успешно сохранены данные во временном файле из URL
	https://www.domofond.ru/kvartira-v-arendu-krasnoyarsk-1223676096 
2019-04-12 23:21:35,662 - INFO - Процесс 4:
	Успешно обработан URL
	https://www.domofond.ru/kvartira-v-arendu-krasnoyarsk-1227010914
2019-04-12 23:21:35,662 - INFO - Процесс 4:
	Успешно обработан URL
	https://www.domofond.ru/kvartira-v-arendu-krasnoyarsk-1227010914
2019-04-12 23:21:35,662 - INFO - Процесс 4:
	Успешно сохранены данные во временном файле из URL
	https://www.domofond.ru/kvartira-v-arendu-krasnoyarsk-1227010914 
2019-04-12 23:21:35,662 - INFO - Процесс 4:
	Успешно сохранены данные во временном файле из URL
	https://www.domofond.ru/kvartira-v-arendu-krasnoyarsk-1227010914 
2019-04-12 23:21:36,613 - INFO - Процесс 3:
	Успешно обработан URL
	https://www.domofond.ru/kvartira-v-arendu-krasnoyarsk-1223862252
2019-04-12 23:21:36,613 - INFO - Процесс 3:
	Успешно обработан URL
	https://www.domofond.ru/kvartira-v-arendu-krasnoyarsk-1223862252
2019-04-12 23:21:36,614 - INFO - Процесс 3:
	Успешно сохранены данные во временном файле из URL
	https://www.domofond.ru/kvartira-v-arendu-krasnoyarsk-1223862252 
2019-04-12 23:21:36,614 - INFO - Процесс 3:
	Успешно сохранены данные во временном файле из URL
	https://www.domofond.ru/kvartira-v-arendu-krasnoyarsk-1223862252 
2019-04-12 23:21:37,401 - INFO - Процесс 1:
	Начало обработки URL
	https://www.domofond.ru/kvartira-v-arendu-krasnoyarsk-1197689325
2019-04-12 23:21:37,401 - INFO - Процесс 1:
	Начало обработки URL
	https://www.domofond.ru/kvartira-v-arendu-krasnoyarsk-1197689325
2019-04-12 23:21:37,411 - INFO - Процесс 5:
	Начало обработки URL
	https://www.domofond.ru/kvartira-v-arendu-krasnoyarsk-1223561499
2019-04-12 23:21:37,411 - INFO - Процесс 5:
	Начало обработки URL
	https://www.domofond.ru/kvartira-v-arendu-krasnoyarsk-1223561499
2019-04-12 23:21:37,421 - INFO - Процесс 8:
	Начало обработки URL
	https://www.domofond.ru/kvartira-v-arendu-krasnoyarsk-1234608845
2019-04-12 23:21:37,421 - INFO - Процесс 8:
	Начало обработки URL
	https://www.domofond.ru/kvartira-v-arendu-krasnoyarsk-1234608845
2019-04-12 23:21:39,732 - INFO - Процесс 5:
	Успешно обработан URL
	https://www.domofond.ru/kvartira-v-arendu-krasnoyarsk-1223561499
2019-04-12 23:21:39,732 - INFO - Процесс 5:
	Успешно обработан URL
	https://www.domofond.ru/kvartira-v-arendu-krasnoyarsk-1223561499
2019-04-12 23:21:39,734 - INFO - Процесс 5:
	Успешно сохранены данные во временном файле из URL
	https://www.domofond.ru/kvartira-v-arendu-krasnoyarsk-1223561499 
2019-04-12 23:21:39,734 - INFO - Процесс 5:
	Успешно сохранены данные во временном файле из URL
	https://www.domofond.ru/kvartira-v-arendu-krasnoyarsk-1223561499 
2019-04-12 23:21:39,925 - INFO - Процесс 8:
	Успешно обработан URL
	https://www.domofond.ru/kvartira-v-arendu-krasnoyarsk-1234608845
2019-04-12 23:21:39,925 - INFO - Процесс 8:
	Успешно обработан URL
	https://www.domofond.ru/kvartira-v-arendu-krasnoyarsk-1234608845
2019-04-12 23:21:39,926 - INFO - Процесс 8:
	Успешно сохранены данные во временном файле из URL
	https://www.domofond.ru/kvartira-v-arendu-krasnoyarsk-1234608845 
2019-04-12 23:21:39,926 - INFO - Процесс 8:
	Успешно сохранены данные во временном файле из URL
	https://www.domofond.ru/kvartira-v-arendu-krasnoyarsk-1234608845 
2019-04-12 23:21:40,331 - INFO - Процесс 1:
	Успешно обработан URL
	https://www.domofond.ru/kvartira-v-arendu-krasnoyarsk-1197689325
2019-04-12 23:21:40,331 - INFO - Процесс 1:
	Успешно обработан URL
	https://www.domofond.ru/kvartira-v-arendu-krasnoyarsk-1197689325
2019-04-12 23:21:40,332 - INFO - Процесс 1:
	Успешно сохранены данные во временном файле из URL
	https://www.domofond.ru/kvartira-v-arendu-krasnoyarsk-1197689325 
2019-04-12 23:21:40,332 - INFO - Процесс 1:
	Успешно сохранены данные во временном файле из URL
	https://www.domofond.ru/kvartira-v-arendu-krasnoyarsk-1197689325 
2019-04-12 23:21:40,419 - INFO - Процесс 6:
	Начало обработки URL
	https://www.domofond.ru/kvartira-v-arendu-krasnoyarsk-1220519439
2019-04-12 23:21:40,419 - INFO - Процесс 6:
	Начало обработки URL
	https://www.domofond.ru/kvartira-v-arendu-krasnoyarsk-1220519439
2019-04-12 23:21:40,429 - INFO - Процесс 9:
	Начало обработки URL
	https://www.domofond.ru/kvartira-v-arendu-krasnoyarsk-1216875045
2019-04-12 23:21:40,429 - INFO - Процесс 9:
	Начало обработки URL
	https://www.domofond.ru/kvartira-v-arendu-krasnoyarsk-1216875045
2019-04-12 23:21:41,423 - INFO - Процесс 7:
	Начало обработки URL
	https://www.domofond.ru/kvartira-v-arendu-krasnoyarsk-1220894723
2019-04-12 23:21:41,423 - INFO - Процесс 7:
	Начало обработки URL
	https://www.domofond.ru/kvartira-v-arendu-krasnoyarsk-1220894723
2019-04-12 23:21:42,228 - INFO - Процесс 6:
	Успешно обработан URL
	https://www.domofond.ru/kvartira-v-arendu-krasnoyarsk-1220519439
2019-04-12 23:21:42,228 - INFO - Процесс 6:
	Успешно обработан URL
	https://www.domofond.ru/kvartira-v-arendu-krasnoyarsk-1220519439
2019-04-12 23:21:42,229 - INFO - Процесс 6:
	Успешно сохранены данные во временном файле из URL
	https://www.domofond.ru/kvartira-v-arendu-krasnoyarsk-1220519439 
2019-04-12 23:21:42,229 - INFO - Процесс 6:
	Успешно сохранены данные во временном файле из URL
	https://www.domofond.ru/kvartira-v-arendu-krasnoyarsk-1220519439 
2019-04-12 23:21:42,464 - INFO - Процесс 9:
	Успешно обработан URL
	https://www.domofond.ru/kvartira-v-arendu-krasnoyarsk-1216875045
2019-04-12 23:21:42,464 - INFO - Процесс 9:
	Успешно обработан URL
	https://www.domofond.ru/kvartira-v-arendu-krasnoyarsk-1216875045
2019-04-12 23:21:42,464 - INFO - Процесс 9:
	Успешно сохранены данные во временном файле из URL
	https://www.domofond.ru/kvartira-v-arendu-krasnoyarsk-1216875045 
2019-04-12 23:21:42,464 - INFO - Процесс 9:
	Успешно сохранены данные во временном файле из URL
	https://www.domofond.ru/kvartira-v-arendu-krasnoyarsk-1216875045 
2019-04-12 23:21:43,401 - INFO - Процесс 7:
	Успешно обработан URL
	https://www.domofond.ru/kvartira-v-arendu-krasnoyarsk-1220894723
2019-04-12 23:21:43,401 - INFO - Процесс 7:
	Успешно обработан URL
	https://www.domofond.ru/kvartira-v-arendu-krasnoyarsk-1220894723
2019-04-12 23:21:43,401 - INFO - Процесс 7:
	Успешно сохранены данные во временном файле из URL
	https://www.domofond.ru/kvartira-v-arendu-krasnoyarsk-1220894723 
2019-04-12 23:21:43,401 - INFO - Процесс 7:
	Успешно сохранены данные во временном файле из URL
	https://www.domofond.ru/kvartira-v-arendu-krasnoyarsk-1220894723 
2019-04-16 15:05:39,457 - INFO - Процесс 1:
	Начало обработки URL
	https://www.domofond.ru/kvartira-v-arendu-krasnoyarsk-1197689325
2019-04-16 15:05:39,460 - INFO - Процесс 2:
	Начало обработки URL
	https://www.domofond.ru/kvartira-v-arendu-krasnoyarsk-1223676096
2019-04-16 15:05:39,463 - INFO - Процесс 3:
	Начало обработки URL
	https://www.domofond.ru/kvartira-v-arendu-krasnoyarsk-1223862252
2019-04-16 15:05:40,466 - INFO - Процесс 4:
	Начало обработки URL
	https://www.domofond.ru/kvartira-v-arendu-krasnoyarsk-1227010914
2019-04-16 15:05:41,220 - INFO - Процесс 3:
	Успешно обработан URL
	https://www.domofond.ru/kvartira-v-arendu-krasnoyarsk-1223862252
2019-04-16 15:05:41,220 - INFO - Процесс 3:
	Успешно сохранены данные во временном файле из URL
	https://www.domofond.ru/kvartira-v-arendu-krasnoyarsk-1223862252 
2019-04-16 15:05:41,467 - INFO - Процесс 5:
	Начало обработки URL
	https://www.domofond.ru/kvartira-v-arendu-krasnoyarsk-1223561499
2019-04-16 15:05:41,552 - INFO - Процесс 1:
	Успешно обработан URL
	https://www.domofond.ru/kvartira-v-arendu-krasnoyarsk-1197689325
2019-04-16 15:05:41,553 - INFO - Процесс 1:
	Успешно сохранены данные во временном файле из URL
	https://www.domofond.ru/kvartira-v-arendu-krasnoyarsk-1197689325 
2019-04-16 15:05:41,727 - INFO - Процесс 2:
	Успешно обработан URL
	https://www.domofond.ru/kvartira-v-arendu-krasnoyarsk-1223676096
2019-04-16 15:05:41,728 - INFO - Процесс 2:
	Успешно сохранены данные во временном файле из URL
	https://www.domofond.ru/kvartira-v-arendu-krasnoyarsk-1223676096 
2019-04-16 15:05:42,326 - INFO - Процесс 4:
	Успешно обработан URL
	https://www.domofond.ru/kvartira-v-arendu-krasnoyarsk-1227010914
2019-04-16 15:05:42,327 - INFO - Процесс 4:
	Успешно сохранены данные во временном файле из URL
	https://www.domofond.ru/kvartira-v-arendu-krasnoyarsk-1227010914 
2019-04-16 15:05:42,486 - INFO - Процесс 9:
	Начало обработки URL
	https://www.domofond.ru/kvartira-v-arendu-krasnoyarsk-1216875045
2019-04-16 15:05:43,280 - INFO - Процесс 5:
	Успешно обработан URL
	https://www.domofond.ru/kvartira-v-arendu-krasnoyarsk-1223561499
2019-04-16 15:05:43,281 - INFO - Процесс 5:
	Успешно сохранены данные во временном файле из URL
	https://www.domofond.ru/kvartira-v-arendu-krasnoyarsk-1223561499 
2019-04-16 15:05:44,024 - INFO - Процесс 9:
	Успешно обработан URL
	https://www.domofond.ru/kvartira-v-arendu-krasnoyarsk-1216875045
2019-04-16 15:05:44,025 - INFO - Процесс 9:
	Успешно сохранены данные во временном файле из URL
	https://www.domofond.ru/kvartira-v-arendu-krasnoyarsk-1216875045 
2019-04-16 15:05:44,475 - INFO - Процесс 6:
	Начало обработки URL
	https://www.domofond.ru/kvartira-v-arendu-krasnoyarsk-1220519439
2019-04-16 15:05:44,482 - INFO - Процесс 7:
	Начало обработки URL
	https://www.domofond.ru/kvartira-v-arendu-krasnoyarsk-1220894723
2019-04-16 15:05:44,485 - INFO - Процесс 8:
	Начало обработки URL
	https://www.domofond.ru/kvartira-v-arendu-krasnoyarsk-1234608845
2019-04-16 15:05:46,024 - INFO - Процесс 8:
	Успешно обработан URL
	https://www.domofond.ru/kvartira-v-arendu-krasnoyarsk-1234608845
2019-04-16 15:05:46,025 - INFO - Процесс 8:
	Успешно сохранены данные во временном файле из URL
	https://www.domofond.ru/kvartira-v-arendu-krasnoyarsk-1234608845 
2019-04-16 15:05:46,367 - INFO - Процесс 7:
	Успешно обработан URL
	https://www.domofond.ru/kvartira-v-arendu-krasnoyarsk-1220894723
2019-04-16 15:05:46,368 - INFO - Процесс 7:
	Успешно сохранены данные во временном файле из URL
	https://www.domofond.ru/kvartira-v-arendu-krasnoyarsk-1220894723 
2019-04-16 15:05:46,401 - INFO - Процесс 6:
	Успешно обработан URL
	https://www.domofond.ru/kvartira-v-arendu-krasnoyarsk-1220519439
2019-04-16 15:05:46,402 - INFO - Процесс 6:
	Успешно сохранены данные во временном файле из URL
	https://www.domofond.ru/kvartira-v-arendu-krasnoyarsk-1220519439 
2019-04-16 15:42:32,175 - INFO - Процесс 7:
	Начало обработки URL
	https://www.domofond.ru/arenda-studiy-krasnoyarsk-c3174?&Page=7
2019-04-16 15:42:33,170 - INFO - Процесс 4:
	Начало обработки URL
	https://www.domofond.ru/arenda-studiy-krasnoyarsk-c3174?&Page=4
2019-04-16 15:42:33,809 - INFO - Процесс 7:
	Успешно обработан URL
	https://www.domofond.ru/arenda-studiy-krasnoyarsk-c3174?&Page=7
2019-04-16 15:42:33,810 - INFO - Процесс 7:
	Успешно сохранены данные во временном файле из URL
	https://www.domofond.ru/arenda-studiy-krasnoyarsk-c3174?&Page=7 
2019-04-16 15:42:34,738 - INFO - Процесс 4:
	Успешно обработан URL
	https://www.domofond.ru/arenda-studiy-krasnoyarsk-c3174?&Page=4
2019-04-16 15:42:34,739 - INFO - Процесс 4:
	Успешно сохранены данные во временном файле из URL
	https://www.domofond.ru/arenda-studiy-krasnoyarsk-c3174?&Page=4 
2019-04-16 15:42:35,173 - INFO - Процесс 5:
	Начало обработки URL
	https://www.domofond.ru/arenda-studiy-krasnoyarsk-c3174?&Page=5
2019-04-16 15:42:35,185 - INFO - Процесс 8:
	Начало обработки URL
	https://www.domofond.ru/arenda-studiy-krasnoyarsk-c3174?&Page=8
2019-04-16 15:42:36,163 - INFO - Процесс 1:
	Начало обработки URL
	https://www.domofond.ru/arenda-studiy-krasnoyarsk-c3174?&Page=1
2019-04-16 15:42:36,167 - INFO - Процесс 3:
	Начало обработки URL
	https://www.domofond.ru/arenda-studiy-krasnoyarsk-c3174?&Page=3
2019-04-16 15:42:36,167 - INFO - Процесс 2:
	Начало обработки URL
	https://www.domofond.ru/arenda-studiy-krasnoyarsk-c3174?&Page=2
2019-04-16 15:42:36,174 - INFO - Процесс 6:
	Начало обработки URL
	https://www.domofond.ru/arenda-studiy-krasnoyarsk-c3174?&Page=6
2019-04-16 15:42:36,431 - INFO - Процесс 8:
	Успешно обработан URL
	https://www.domofond.ru/arenda-studiy-krasnoyarsk-c3174?&Page=8
2019-04-16 15:42:36,432 - INFO - Процесс 8:
	Успешно сохранены данные во временном файле из URL
	https://www.domofond.ru/arenda-studiy-krasnoyarsk-c3174?&Page=8 
2019-04-16 15:42:36,661 - INFO - Процесс 5:
	Успешно обработан URL
	https://www.domofond.ru/arenda-studiy-krasnoyarsk-c3174?&Page=5
2019-04-16 15:42:36,662 - INFO - Процесс 5:
	Успешно сохранены данные во временном файле из URL
	https://www.domofond.ru/arenda-studiy-krasnoyarsk-c3174?&Page=5 
2019-04-16 15:42:37,186 - INFO - Процесс 9:
	Начало обработки URL
	https://www.domofond.ru/arenda-studiy-krasnoyarsk-c3174?&Page=9
2019-04-16 15:42:37,977 - INFO - Процесс 2:
	Успешно обработан URL
	https://www.domofond.ru/arenda-studiy-krasnoyarsk-c3174?&Page=2
2019-04-16 15:42:37,977 - INFO - Процесс 2:
	Успешно сохранены данные во временном файле из URL
	https://www.domofond.ru/arenda-studiy-krasnoyarsk-c3174?&Page=2 
2019-04-16 15:42:38,213 - INFO - Процесс 6:
	Успешно обработан URL
	https://www.domofond.ru/arenda-studiy-krasnoyarsk-c3174?&Page=6
2019-04-16 15:42:38,213 - INFO - Процесс 6:
	Успешно сохранены данные во временном файле из URL
	https://www.domofond.ru/arenda-studiy-krasnoyarsk-c3174?&Page=6 
2019-04-16 15:42:38,223 - INFO - Процесс 1:
	Успешно обработан URL
	https://www.domofond.ru/arenda-studiy-krasnoyarsk-c3174?&Page=1
2019-04-16 15:42:38,224 - INFO - Процесс 1:
	Успешно сохранены данные во временном файле из URL
	https://www.domofond.ru/arenda-studiy-krasnoyarsk-c3174?&Page=1 
2019-04-16 15:42:38,315 - INFO - Процесс 3:
	Успешно обработан URL
	https://www.domofond.ru/arenda-studiy-krasnoyarsk-c3174?&Page=3
2019-04-16 15:42:38,316 - INFO - Процесс 3:
	Успешно сохранены данные во временном файле из URL
	https://www.domofond.ru/arenda-studiy-krasnoyarsk-c3174?&Page=3 
2019-04-16 15:42:38,919 - INFO - Процесс 9:
	Успешно обработан URL
	https://www.domofond.ru/arenda-studiy-krasnoyarsk-c3174?&Page=9
2019-04-16 15:42:38,920 - INFO - Процесс 9:
	Успешно сохранены данные во временном файле из URL
	https://www.domofond.ru/arenda-studiy-krasnoyarsk-c3174?&Page=9 
2019-04-16 15:42:41,199 - INFO - Процесс 1:
	Начало обработки URL
	https://www.domofond.ru/kvartira-v-arendu-krasnoyarsk-261375289
2019-04-16 15:42:41,199 - INFO - Процесс 1:
	Начало обработки URL
	https://www.domofond.ru/kvartira-v-arendu-krasnoyarsk-261375289
2019-04-16 15:42:41,202 - INFO - Процесс 2:
	Начало обработки URL
	https://www.domofond.ru/kvartira-v-arendu-krasnoyarsk-1209232557
2019-04-16 15:42:41,202 - INFO - Процесс 2:
	Начало обработки URL
	https://www.domofond.ru/kvartira-v-arendu-krasnoyarsk-1209232557
2019-04-16 15:42:41,206 - INFO - Процесс 3:
	Начало обработки URL
	https://www.domofond.ru/kvartira-v-arendu-krasnoyarsk-1223542494
2019-04-16 15:42:41,206 - INFO - Процесс 3:
	Начало обработки URL
	https://www.domofond.ru/kvartira-v-arendu-krasnoyarsk-1223542494
2019-04-16 15:42:42,210 - INFO - Процесс 4:
	Начало обработки URL
	https://www.domofond.ru/kvartira-v-arendu-krasnoyarsk-1189986131
2019-04-16 15:42:42,210 - INFO - Процесс 4:
	Начало обработки URL
	https://www.domofond.ru/kvartira-v-arendu-krasnoyarsk-1189986131
2019-04-16 15:42:43,013 - WARNING - Процесс 4:
	 Ошибка при обработке URL
	https://www.domofond.ru/kvartira-v-arendu-krasnoyarsk-1189986131.
            Текст ошибки: *** Ошибка при открытии URL функцией urlopen!
                URL:https://www.domofond.ru/kvartira-v-arendu-krasnoyarsk-1189986131
                Прокси: 66.96.255.46:45619
                User-Agent: Mozilla/5.0 (compatible; MSIE 9.0; Windows NT 6.1; Trident/5.0; yie8)
                Текст ошибки: <urlopen error [Errno 104] Connection reset by peer>.
	URL отправлен на повторную обработку.
            
2019-04-16 15:42:43,013 - WARNING - Процесс 4:
	 Ошибка при обработке URL
	https://www.domofond.ru/kvartira-v-arendu-krasnoyarsk-1189986131.
            Текст ошибки: *** Ошибка при открытии URL функцией urlopen!
                URL:https://www.domofond.ru/kvartira-v-arendu-krasnoyarsk-1189986131
                Прокси: 66.96.255.46:45619
                User-Agent: Mozilla/5.0 (compatible; MSIE 9.0; Windows NT 6.1; Trident/5.0; yie8)
                Текст ошибки: <urlopen error [Errno 104] Connection reset by peer>.
	URL отправлен на повторную обработку.
            
2019-04-16 15:42:43,447 - INFO - Процесс 3:
	Успешно обработан URL
	https://www.domofond.ru/kvartira-v-arendu-krasnoyarsk-1223542494
2019-04-16 15:42:43,447 - INFO - Процесс 3:
	Успешно обработан URL
	https://www.domofond.ru/kvartira-v-arendu-krasnoyarsk-1223542494
2019-04-16 15:42:43,447 - INFO - Процесс 3:
	Успешно сохранены данные во временном файле из URL
	https://www.domofond.ru/kvartira-v-arendu-krasnoyarsk-1223542494 
2019-04-16 15:42:43,447 - INFO - Процесс 3:
	Успешно сохранены данные во временном файле из URL
	https://www.domofond.ru/kvartira-v-arendu-krasnoyarsk-1223542494 
2019-04-16 15:42:43,506 - INFO - Процесс 1:
	Успешно обработан URL
	https://www.domofond.ru/kvartira-v-arendu-krasnoyarsk-261375289
2019-04-16 15:42:43,506 - INFO - Процесс 1:
	Успешно обработан URL
	https://www.domofond.ru/kvartira-v-arendu-krasnoyarsk-261375289
2019-04-16 15:42:43,506 - INFO - Процесс 1:
	Успешно сохранены данные во временном файле из URL
	https://www.domofond.ru/kvartira-v-arendu-krasnoyarsk-261375289 
2019-04-16 15:42:43,506 - INFO - Процесс 1:
	Успешно сохранены данные во временном файле из URL
	https://www.domofond.ru/kvartira-v-arendu-krasnoyarsk-261375289 
2019-04-16 15:42:43,920 - INFO - Процесс 2:
	Успешно обработан URL
	https://www.domofond.ru/kvartira-v-arendu-krasnoyarsk-1209232557
2019-04-16 15:42:43,920 - INFO - Процесс 2:
	Успешно обработан URL
	https://www.domofond.ru/kvartira-v-arendu-krasnoyarsk-1209232557
2019-04-16 15:42:43,921 - INFO - Процесс 2:
	Успешно сохранены данные во временном файле из URL
	https://www.domofond.ru/kvartira-v-arendu-krasnoyarsk-1209232557 
2019-04-16 15:42:43,921 - INFO - Процесс 2:
	Успешно сохранены данные во временном файле из URL
	https://www.domofond.ru/kvartira-v-arendu-krasnoyarsk-1209232557 
2019-04-16 15:42:44,213 - INFO - Процесс 5:
	Начало обработки URL
	https://www.domofond.ru/kvartira-v-arendu-krasnoyarsk-1190404450
2019-04-16 15:42:44,213 - INFO - Процесс 5:
	Начало обработки URL
	https://www.domofond.ru/kvartira-v-arendu-krasnoyarsk-1190404450
2019-04-16 15:42:45,229 - INFO - Процесс 9:
	Начало обработки URL
	https://www.domofond.ru/kvartira-v-arendu-krasnoyarsk-1205587729
2019-04-16 15:42:45,229 - INFO - Процесс 9:
	Начало обработки URL
	https://www.domofond.ru/kvartira-v-arendu-krasnoyarsk-1205587729
2019-04-16 15:42:45,921 - INFO - Процесс 5:
	Успешно обработан URL
	https://www.domofond.ru/kvartira-v-arendu-krasnoyarsk-1190404450
2019-04-16 15:42:45,921 - INFO - Процесс 5:
	Успешно обработан URL
	https://www.domofond.ru/kvartira-v-arendu-krasnoyarsk-1190404450
2019-04-16 15:42:45,922 - INFO - Процесс 5:
	Успешно сохранены данные во временном файле из URL
	https://www.domofond.ru/kvartira-v-arendu-krasnoyarsk-1190404450 
2019-04-16 15:42:45,922 - INFO - Процесс 5:
	Успешно сохранены данные во временном файле из URL
	https://www.domofond.ru/kvartira-v-arendu-krasnoyarsk-1190404450 
2019-04-16 15:42:46,227 - INFO - Процесс 8:
	Начало обработки URL
	https://www.domofond.ru/kvartira-v-arendu-krasnoyarsk-264094694
2019-04-16 15:42:46,227 - INFO - Процесс 8:
	Начало обработки URL
	https://www.domofond.ru/kvartira-v-arendu-krasnoyarsk-264094694
2019-04-16 15:42:46,996 - INFO - Процесс 9:
	Успешно обработан URL
	https://www.domofond.ru/kvartira-v-arendu-krasnoyarsk-1205587729
2019-04-16 15:42:46,996 - INFO - Процесс 9:
	Успешно обработан URL
	https://www.domofond.ru/kvartira-v-arendu-krasnoyarsk-1205587729
2019-04-16 15:42:46,997 - INFO - Процесс 9:
	Успешно сохранены данные во временном файле из URL
	https://www.domofond.ru/kvartira-v-arendu-krasnoyarsk-1205587729 
2019-04-16 15:42:46,997 - INFO - Процесс 9:
	Успешно сохранены данные во временном файле из URL
	https://www.domofond.ru/kvartira-v-arendu-krasnoyarsk-1205587729 
2019-04-16 15:42:48,041 - INFO - Процесс 8:
	Успешно обработан URL
	https://www.domofond.ru/kvartira-v-arendu-krasnoyarsk-264094694
2019-04-16 15:42:48,041 - INFO - Процесс 8:
	Успешно обработан URL
	https://www.domofond.ru/kvartira-v-arendu-krasnoyarsk-264094694
2019-04-16 15:42:48,041 - INFO - Процесс 8:
	Успешно сохранены данные во временном файле из URL
	https://www.domofond.ru/kvartira-v-arendu-krasnoyarsk-264094694 
2019-04-16 15:42:48,041 - INFO - Процесс 8:
	Успешно сохранены данные во временном файле из URL
	https://www.domofond.ru/kvartira-v-arendu-krasnoyarsk-264094694 
2019-04-16 15:42:48,222 - INFO - Процесс 6:
	Начало обработки URL
	https://www.domofond.ru/kvartira-v-arendu-krasnoyarsk-1220798244
2019-04-16 15:42:48,222 - INFO - Процесс 6:
	Начало обработки URL
	https://www.domofond.ru/kvartira-v-arendu-krasnoyarsk-1220798244
2019-04-16 15:42:49,226 - INFO - Процесс 7:
	Начало обработки URL
	https://www.domofond.ru/kvartira-v-arendu-krasnoyarsk-1202490885
2019-04-16 15:42:49,226 - INFO - Процесс 7:
	Начало обработки URL
	https://www.domofond.ru/kvartira-v-arendu-krasnoyarsk-1202490885
2019-04-16 15:42:49,733 - INFO - Процесс 6:
	Успешно обработан URL
	https://www.domofond.ru/kvartira-v-arendu-krasnoyarsk-1220798244
2019-04-16 15:42:49,733 - INFO - Процесс 6:
	Успешно обработан URL
	https://www.domofond.ru/kvartira-v-arendu-krasnoyarsk-1220798244
2019-04-16 15:42:49,734 - INFO - Процесс 6:
	Успешно сохранены данные во временном файле из URL
	https://www.domofond.ru/kvartira-v-arendu-krasnoyarsk-1220798244 
2019-04-16 15:42:49,734 - INFO - Процесс 6:
	Успешно сохранены данные во временном файле из URL
	https://www.domofond.ru/kvartira-v-arendu-krasnoyarsk-1220798244 
2019-04-16 15:42:50,686 - INFO - Процесс 7:
	Успешно обработан URL
	https://www.domofond.ru/kvartira-v-arendu-krasnoyarsk-1202490885
2019-04-16 15:42:50,686 - INFO - Процесс 7:
	Успешно обработан URL
	https://www.domofond.ru/kvartira-v-arendu-krasnoyarsk-1202490885
2019-04-16 15:42:50,687 - INFO - Процесс 7:
	Успешно сохранены данные во временном файле из URL
	https://www.domofond.ru/kvartira-v-arendu-krasnoyarsk-1202490885 
2019-04-16 15:42:50,687 - INFO - Процесс 7:
	Успешно сохранены данные во временном файле из URL
	https://www.domofond.ru/kvartira-v-arendu-krasnoyarsk-1202490885 
2019-04-16 15:42:56,247 - INFO - Процесс 1:
	Начало обработки URL
	https://www.domofond.ru/kvartira-v-arendu-krasnoyarsk-1189986131
2019-04-16 15:42:56,247 - INFO - Процесс 1:
	Начало обработки URL
	https://www.domofond.ru/kvartira-v-arendu-krasnoyarsk-1189986131
2019-04-16 15:42:57,510 - INFO - Процесс 1:
	Успешно обработан URL
	https://www.domofond.ru/kvartira-v-arendu-krasnoyarsk-1189986131
2019-04-16 15:42:57,510 - INFO - Процесс 1:
	Успешно обработан URL
	https://www.domofond.ru/kvartira-v-arendu-krasnoyarsk-1189986131
2019-04-16 15:42:57,511 - INFO - Процесс 1:
	Успешно сохранены данные во временном файле из URL
	https://www.domofond.ru/kvartira-v-arendu-krasnoyarsk-1189986131 
2019-04-16 15:42:57,511 - INFO - Процесс 1:
	Успешно сохранены данные во временном файле из URL
	https://www.domofond.ru/kvartira-v-arendu-krasnoyarsk-1189986131 
2019-04-16 15:48:36,611 - INFO - Процесс 2:
	Начало обработки URL
	https://www.domofond.ru/arenda-studiy-krasnoyarsk-c3174?&Page=2
2019-04-16 15:48:36,613 - INFO - Процесс 3:
	Начало обработки URL
	https://www.domofond.ru/arenda-studiy-krasnoyarsk-c3174?&Page=3
2019-04-16 15:48:37,995 - INFO - Процесс 2:
	Успешно обработан URL
	https://www.domofond.ru/arenda-studiy-krasnoyarsk-c3174?&Page=2
2019-04-16 15:48:37,996 - INFO - Процесс 2:
	Успешно сохранены данные во временном файле из URL
	https://www.domofond.ru/arenda-studiy-krasnoyarsk-c3174?&Page=2 
2019-04-16 15:48:38,065 - INFO - Процесс 3:
	Успешно обработан URL
	https://www.domofond.ru/arenda-studiy-krasnoyarsk-c3174?&Page=3
2019-04-16 15:48:38,066 - INFO - Процесс 3:
	Успешно сохранены данные во временном файле из URL
	https://www.domofond.ru/arenda-studiy-krasnoyarsk-c3174?&Page=3 
2019-04-16 15:48:38,609 - INFO - Процесс 1:
	Начало обработки URL
	https://www.domofond.ru/arenda-studiy-krasnoyarsk-c3174?&Page=1
2019-04-16 15:48:38,619 - INFO - Процесс 6:
	Начало обработки URL
	https://www.domofond.ru/arenda-studiy-krasnoyarsk-c3174?&Page=6
2019-04-16 15:48:38,619 - INFO - Процесс 5:
	Начало обработки URL
	https://www.domofond.ru/arenda-studiy-krasnoyarsk-c3174?&Page=5
2019-04-16 15:48:39,614 - INFO - Процесс 4:
	Начало обработки URL
	https://www.domofond.ru/arenda-studiy-krasnoyarsk-c3174?&Page=4
2019-04-16 15:48:39,622 - INFO - Процесс 7:
	Начало обработки URL
	https://www.domofond.ru/arenda-studiy-krasnoyarsk-c3174?&Page=7
2019-04-16 15:48:39,629 - INFO - Процесс 9:
	Начало обработки URL
	https://www.domofond.ru/arenda-studiy-krasnoyarsk-c3174?&Page=9
2019-04-16 15:48:40,467 - INFO - Процесс 1:
	Успешно обработан URL
	https://www.domofond.ru/arenda-studiy-krasnoyarsk-c3174?&Page=1
2019-04-16 15:48:40,468 - INFO - Процесс 1:
	Успешно сохранены данные во временном файле из URL
	https://www.domofond.ru/arenda-studiy-krasnoyarsk-c3174?&Page=1 
2019-04-16 15:48:40,472 - INFO - Процесс 5:
	Успешно обработан URL
	https://www.domofond.ru/arenda-studiy-krasnoyarsk-c3174?&Page=5
2019-04-16 15:48:40,473 - INFO - Процесс 5:
	Успешно сохранены данные во временном файле из URL
	https://www.domofond.ru/arenda-studiy-krasnoyarsk-c3174?&Page=5 
2019-04-16 15:48:40,546 - INFO - Процесс 6:
	Успешно обработан URL
	https://www.domofond.ru/arenda-studiy-krasnoyarsk-c3174?&Page=6
2019-04-16 15:48:40,547 - INFO - Процесс 6:
	Успешно сохранены данные во временном файле из URL
	https://www.domofond.ru/arenda-studiy-krasnoyarsk-c3174?&Page=6 
2019-04-16 15:48:40,626 - INFO - Процесс 8:
	Начало обработки URL
	https://www.domofond.ru/arenda-studiy-krasnoyarsk-c3174?&Page=8
2019-04-16 15:48:41,500 - INFO - Процесс 7:
	Успешно обработан URL
	https://www.domofond.ru/arenda-studiy-krasnoyarsk-c3174?&Page=7
2019-04-16 15:48:41,501 - INFO - Процесс 7:
	Успешно сохранены данные во временном файле из URL
	https://www.domofond.ru/arenda-studiy-krasnoyarsk-c3174?&Page=7 
2019-04-16 15:48:41,781 - INFO - Процесс 9:
	Успешно обработан URL
	https://www.domofond.ru/arenda-studiy-krasnoyarsk-c3174?&Page=9
2019-04-16 15:48:41,782 - INFO - Процесс 9:
	Успешно сохранены данные во временном файле из URL
	https://www.domofond.ru/arenda-studiy-krasnoyarsk-c3174?&Page=9 
2019-04-16 15:48:41,782 - INFO - Процесс 4:
	Успешно обработан URL
	https://www.domofond.ru/arenda-studiy-krasnoyarsk-c3174?&Page=4
2019-04-16 15:48:41,783 - INFO - Процесс 4:
	Успешно сохранены данные во временном файле из URL
	https://www.domofond.ru/arenda-studiy-krasnoyarsk-c3174?&Page=4 
2019-04-16 15:48:42,341 - INFO - Процесс 8:
	Успешно обработан URL
	https://www.domofond.ru/arenda-studiy-krasnoyarsk-c3174?&Page=8
2019-04-16 15:48:42,341 - INFO - Процесс 8:
	Успешно сохранены данные во временном файле из URL
	https://www.domofond.ru/arenda-studiy-krasnoyarsk-c3174?&Page=8 
2019-04-16 15:48:42,645 - INFO - Процесс 1:
	Начало обработки URL
	https://www.domofond.ru/kvartira-v-arendu-krasnoyarsk-1257311508
2019-04-16 15:48:42,645 - INFO - Процесс 1:
	Начало обработки URL
	https://www.domofond.ru/kvartira-v-arendu-krasnoyarsk-1257311508
2019-04-16 15:48:42,651 - INFO - Процесс 3:
	Начало обработки URL
	https://www.domofond.ru/kvartira-v-arendu-krasnoyarsk-188162688
2019-04-16 15:48:42,651 - INFO - Процесс 3:
	Начало обработки URL
	https://www.domofond.ru/kvartira-v-arendu-krasnoyarsk-188162688
2019-04-16 15:48:43,659 - INFO - Процесс 5:
	Начало обработки URL
	https://www.domofond.ru/kvartira-v-arendu-krasnoyarsk-1254187702
2019-04-16 15:48:43,659 - INFO - Процесс 4:
	Начало обработки URL
	https://www.domofond.ru/kvartira-v-arendu-krasnoyarsk-1247026147
2019-04-16 15:48:43,659 - INFO - Процесс 5:
	Начало обработки URL
	https://www.domofond.ru/kvartira-v-arendu-krasnoyarsk-1254187702
2019-04-16 15:48:43,659 - INFO - Процесс 4:
	Начало обработки URL
	https://www.domofond.ru/kvartira-v-arendu-krasnoyarsk-1247026147
2019-04-16 15:48:44,288 - INFO - Процесс 3:
	Успешно обработан URL
	https://www.domofond.ru/kvartira-v-arendu-krasnoyarsk-188162688
2019-04-16 15:48:44,288 - INFO - Процесс 3:
	Успешно обработан URL
	https://www.domofond.ru/kvartira-v-arendu-krasnoyarsk-188162688
2019-04-16 15:48:44,289 - INFO - Процесс 3:
	Успешно сохранены данные во временном файле из URL
	https://www.domofond.ru/kvartira-v-arendu-krasnoyarsk-188162688 
2019-04-16 15:48:44,289 - INFO - Процесс 3:
	Успешно сохранены данные во временном файле из URL
	https://www.domofond.ru/kvartira-v-arendu-krasnoyarsk-188162688 
2019-04-16 15:48:44,319 - INFO - Процесс 1:
	Успешно обработан URL
	https://www.domofond.ru/kvartira-v-arendu-krasnoyarsk-1257311508
2019-04-16 15:48:44,319 - INFO - Процесс 1:
	Успешно обработан URL
	https://www.domofond.ru/kvartira-v-arendu-krasnoyarsk-1257311508
2019-04-16 15:48:44,319 - INFO - Процесс 1:
	Успешно сохранены данные во временном файле из URL
	https://www.domofond.ru/kvartira-v-arendu-krasnoyarsk-1257311508 
2019-04-16 15:48:44,319 - INFO - Процесс 1:
	Успешно сохранены данные во временном файле из URL
	https://www.domofond.ru/kvartira-v-arendu-krasnoyarsk-1257311508 
2019-04-16 15:48:45,052 - INFO - Процесс 4:
	Успешно обработан URL
	https://www.domofond.ru/kvartira-v-arendu-krasnoyarsk-1247026147
2019-04-16 15:48:45,052 - INFO - Процесс 4:
	Успешно обработан URL
	https://www.domofond.ru/kvartira-v-arendu-krasnoyarsk-1247026147
2019-04-16 15:48:45,053 - INFO - Процесс 4:
	Успешно сохранены данные во временном файле из URL
	https://www.domofond.ru/kvartira-v-arendu-krasnoyarsk-1247026147 
2019-04-16 15:48:45,053 - INFO - Процесс 4:
	Успешно сохранены данные во временном файле из URL
	https://www.domofond.ru/kvartira-v-arendu-krasnoyarsk-1247026147 
2019-04-16 15:48:45,054 - INFO - Процесс 5:
	Успешно обработан URL
	https://www.domofond.ru/kvartira-v-arendu-krasnoyarsk-1254187702
2019-04-16 15:48:45,054 - INFO - Процесс 5:
	Успешно обработан URL
	https://www.domofond.ru/kvartira-v-arendu-krasnoyarsk-1254187702
2019-04-16 15:48:45,055 - INFO - Процесс 5:
	Успешно сохранены данные во временном файле из URL
	https://www.domofond.ru/kvartira-v-arendu-krasnoyarsk-1254187702 
2019-04-16 15:48:45,055 - INFO - Процесс 5:
	Успешно сохранены данные во временном файле из URL
	https://www.domofond.ru/kvartira-v-arendu-krasnoyarsk-1254187702 
2019-04-16 15:48:46,652 - INFO - Процесс 2:
	Начало обработки URL
	https://www.domofond.ru/kvartira-v-arendu-krasnoyarsk-1247063440
2019-04-16 15:48:46,652 - INFO - Процесс 2:
	Начало обработки URL
	https://www.domofond.ru/kvartira-v-arendu-krasnoyarsk-1247063440
2019-04-16 15:48:46,673 - INFO - Процесс 9:
	Начало обработки URL
	https://www.domofond.ru/kvartira-v-arendu-krasnoyarsk-1254525911
2019-04-16 15:48:46,673 - INFO - Процесс 9:
	Начало обработки URL
	https://www.domofond.ru/kvartira-v-arendu-krasnoyarsk-1254525911
2019-04-16 15:48:47,662 - INFO - Процесс 6:
	Начало обработки URL
	https://www.domofond.ru/kvartira-v-arendu-krasnoyarsk-1125621998
2019-04-16 15:48:47,662 - INFO - Процесс 6:
	Начало обработки URL
	https://www.domofond.ru/kvartira-v-arendu-krasnoyarsk-1125621998
2019-04-16 15:48:47,670 - INFO - Процесс 8:
	Начало обработки URL
	https://www.domofond.ru/kvartira-v-arendu-krasnoyarsk-1247790410
2019-04-16 15:48:47,670 - INFO - Процесс 8:
	Начало обработки URL
	https://www.domofond.ru/kvartira-v-arendu-krasnoyarsk-1247790410
2019-04-16 15:48:47,724 - WARNING - Процесс 9:
	 Ошибка при обработке URL
	https://www.domofond.ru/kvartira-v-arendu-krasnoyarsk-1254525911.
            Текст ошибки: Не удалось извлечь данные со страницы! 
	URL: https://www.domofond.ru/kvartira-v-arendu-krasnoyarsk-1254525911 
	Текст ошибки: 'NoneType' object has no attribute 'get_text'.
	URL отправлен на повторную обработку.
            
2019-04-16 15:48:47,724 - WARNING - Процесс 9:
	 Ошибка при обработке URL
	https://www.domofond.ru/kvartira-v-arendu-krasnoyarsk-1254525911.
            Текст ошибки: Не удалось извлечь данные со страницы! 
	URL: https://www.domofond.ru/kvartira-v-arendu-krasnoyarsk-1254525911 
	Текст ошибки: 'NoneType' object has no attribute 'get_text'.
	URL отправлен на повторную обработку.
            
2019-04-16 15:48:48,083 - INFO - Процесс 2:
	Успешно обработан URL
	https://www.domofond.ru/kvartira-v-arendu-krasnoyarsk-1247063440
2019-04-16 15:48:48,083 - INFO - Процесс 2:
	Успешно обработан URL
	https://www.domofond.ru/kvartira-v-arendu-krasnoyarsk-1247063440
2019-04-16 15:48:48,084 - INFO - Процесс 2:
	Успешно сохранены данные во временном файле из URL
	https://www.domofond.ru/kvartira-v-arendu-krasnoyarsk-1247063440 
2019-04-16 15:48:48,084 - INFO - Процесс 2:
	Успешно сохранены данные во временном файле из URL
	https://www.domofond.ru/kvartira-v-arendu-krasnoyarsk-1247063440 
2019-04-16 15:48:49,068 - INFO - Процесс 8:
	Успешно обработан URL
	https://www.domofond.ru/kvartira-v-arendu-krasnoyarsk-1247790410
2019-04-16 15:48:49,068 - INFO - Процесс 8:
	Успешно обработан URL
	https://www.domofond.ru/kvartira-v-arendu-krasnoyarsk-1247790410
2019-04-16 15:48:49,069 - INFO - Процесс 8:
	Успешно сохранены данные во временном файле из URL
	https://www.domofond.ru/kvartira-v-arendu-krasnoyarsk-1247790410 
2019-04-16 15:48:49,069 - INFO - Процесс 8:
	Успешно сохранены данные во временном файле из URL
	https://www.domofond.ru/kvartira-v-arendu-krasnoyarsk-1247790410 
2019-04-16 15:48:49,142 - INFO - Процесс 6:
	Успешно обработан URL
	https://www.domofond.ru/kvartira-v-arendu-krasnoyarsk-1125621998
2019-04-16 15:48:49,142 - INFO - Процесс 6:
	Успешно обработан URL
	https://www.domofond.ru/kvartira-v-arendu-krasnoyarsk-1125621998
2019-04-16 15:48:49,142 - INFO - Процесс 6:
	Успешно сохранены данные во временном файле из URL
	https://www.domofond.ru/kvartira-v-arendu-krasnoyarsk-1125621998 
2019-04-16 15:48:49,142 - INFO - Процесс 6:
	Успешно сохранены данные во временном файле из URL
	https://www.domofond.ru/kvartira-v-arendu-krasnoyarsk-1125621998 
2019-04-16 15:48:49,668 - INFO - Процесс 7:
	Начало обработки URL
	https://www.domofond.ru/kvartira-v-arendu-krasnoyarsk-1229228156
2019-04-16 15:48:49,668 - INFO - Процесс 7:
	Начало обработки URL
	https://www.domofond.ru/kvartira-v-arendu-krasnoyarsk-1229228156
2019-04-16 15:48:51,019 - WARNING - Процесс 7:
	 Ошибка при обработке URL
	https://www.domofond.ru/kvartira-v-arendu-krasnoyarsk-1229228156.
            Текст ошибки: Не удалось извлечь данные со страницы! 
	URL: https://www.domofond.ru/kvartira-v-arendu-krasnoyarsk-1229228156 
	Текст ошибки: 'NoneType' object has no attribute 'get_text'.
	URL отправлен на повторную обработку.
            
2019-04-16 15:48:51,019 - WARNING - Процесс 7:
	 Ошибка при обработке URL
	https://www.domofond.ru/kvartira-v-arendu-krasnoyarsk-1229228156.
            Текст ошибки: Не удалось извлечь данные со страницы! 
	URL: https://www.domofond.ru/kvartira-v-arendu-krasnoyarsk-1229228156 
	Текст ошибки: 'NoneType' object has no attribute 'get_text'.
	URL отправлен на повторную обработку.
            
2019-04-16 15:48:51,685 - INFO - Процесс 1:
	Начало обработки URL
	https://www.domofond.ru/kvartira-v-arendu-krasnoyarsk-1254525911
2019-04-16 15:48:51,685 - INFO - Процесс 1:
	Начало обработки URL
	https://www.domofond.ru/kvartira-v-arendu-krasnoyarsk-1254525911
2019-04-16 15:48:53,148 - INFO - Процесс 1:
	Успешно обработан URL
	https://www.domofond.ru/kvartira-v-arendu-krasnoyarsk-1254525911
2019-04-16 15:48:53,148 - INFO - Процесс 1:
	Успешно обработан URL
	https://www.domofond.ru/kvartira-v-arendu-krasnoyarsk-1254525911
2019-04-16 15:48:53,149 - INFO - Процесс 1:
	Успешно сохранены данные во временном файле из URL
	https://www.domofond.ru/kvartira-v-arendu-krasnoyarsk-1254525911 
2019-04-16 15:48:53,149 - INFO - Процесс 1:
	Успешно сохранены данные во временном файле из URL
	https://www.domofond.ru/kvartira-v-arendu-krasnoyarsk-1254525911 
2019-04-16 15:48:54,693 - INFO - Процесс 2:
	Начало обработки URL
	https://www.domofond.ru/kvartira-v-arendu-krasnoyarsk-1229228156
2019-04-16 15:48:54,693 - INFO - Процесс 2:
	Начало обработки URL
	https://www.domofond.ru/kvartira-v-arendu-krasnoyarsk-1229228156
2019-04-16 15:48:56,117 - INFO - Процесс 2:
	Успешно обработан URL
	https://www.domofond.ru/kvartira-v-arendu-krasnoyarsk-1229228156
2019-04-16 15:48:56,117 - INFO - Процесс 2:
	Успешно обработан URL
	https://www.domofond.ru/kvartira-v-arendu-krasnoyarsk-1229228156
2019-04-16 15:48:56,118 - INFO - Процесс 2:
	Успешно сохранены данные во временном файле из URL
	https://www.domofond.ru/kvartira-v-arendu-krasnoyarsk-1229228156 
2019-04-16 15:48:56,118 - INFO - Процесс 2:
	Успешно сохранены данные во временном файле из URL
	https://www.domofond.ru/kvartira-v-arendu-krasnoyarsk-1229228156 
